<?xml version='1.0'?>
<ns2:test-suite xmlns:ns2='urn:model.allure.qatools.yandex.ru' start='1655155363710' stop='1655155363749'>
    <name>InsurePro landing page features: Verify the elements on the InsurePro landing page</name>
    <title>InsurePro landing page features: Verify the elements on the InsurePro landing page</title>
    <test-cases>
        <test-case start='1655155363710' status='passed' stop='1655155363711'>
            <name></name>
            <title></title>
            <labels>
                <label name='language' value='javascript'/>
                <label name='framework' value='wdio'/>
                <label name='thread' value='0-0'/>
            </labels>
            <parameters>
                <parameter kind='argument' name='browser' value='chrome-102.0.5005.61'/>
            </parameters>
            <steps/>
            <attachments/>
        </test-case>
        <test-case start='1655155363711' status='passed' stop='1655155363747'>
            <name>Given user is on insurepro landing page</name>
            <title>Given user is on insurepro landing page</title>
            <labels>
                <label name='language' value='javascript'/>
                <label name='framework' value='wdio'/>
                <label name='thread' value='0-0'/>
            </labels>
            <parameters>
                <parameter kind='argument' name='browser' value='chrome-102.0.5005.61'/>
            </parameters>
            <steps>
                <step start='1655155363712' status='undefined'>
                    <name>GET /session/:sessionId/title</name>
                    <title>GET /session/:sessionId/title</title>
                    <attachments/>
                    <steps>
                        <step start='1655155363713' status='undefined'>
                            <name>POST /session/:sessionId/url</name>
                            <title>POST /session/:sessionId/url</title>
                            <attachments>
                                <attachment title='Request' source='698af228-e723-4ec1-9c1f-45bd755e729d-attachment.json' type='application/json' size='53'/>
                            </attachments>
                            <steps/>
                        </step>
                    </steps>
                </step>
            </steps>
            <attachments/>
        </test-case>
        <test-case start='1655155363748' status='broken' stop='1655155363748'>
            <name>When user gets the title of the insurepro landing page</name>
            <title>When user gets the title of the insurepro landing page</title>
            <labels>
                <label name='language' value='javascript'/>
                <label name='framework' value='wdio'/>
                <label name='thread' value='0-0'/>
            </labels>
            <parameters>
                <parameter kind='argument' name='browser' value='chrome-102.0.5005.61'/>
            </parameters>
            <steps/>
            <attachments/>
            <failure>
                <message>Step "user gets the title of the insurepro landing page" is not defined. You can ignore this error by setting cucumberOpts.ignoreUndefinedDefinitions as true.</message>
                <stack-trace>Step "user gets the title of the insurepro landing page" is not defined. You can ignore this error by setting cucumberOpts.ignoreUndefinedDefinitions as true.
                	at Feature(/Users/chinthaka/Documents/insurepro-automation/features/landing.feature):1:1
                	at Scenario(Verify the elements on the InsurePro landing page):3:3
                	at Step(user gets the title of the insurepro landing page):5:5
                </stack-trace>
            </failure>
        </test-case>
        <test-case start='1655155363748' status='broken' stop='1655155363748'>
            <name>When insurepro landing page title should be "InsurePro"</name>
            <title>When insurepro landing page title should be "InsurePro"</title>
            <labels>
                <label name='language' value='javascript'/>
                <label name='framework' value='wdio'/>
                <label name='thread' value='0-0'/>
            </labels>
            <parameters>
                <parameter kind='argument' name='browser' value='chrome-102.0.5005.61'/>
            </parameters>
            <steps/>
            <attachments/>
            <failure>
                <message>Step "insurepro landing page title should be "InsurePro"" is not defined. You can ignore this error by setting cucumberOpts.ignoreUndefinedDefinitions as true.</message>
                <stack-trace>Step "insurepro landing page title should be "InsurePro"" is not defined. You can ignore this error by setting cucumberOpts.ignoreUndefinedDefinitions as true.
                	at Feature(/Users/chinthaka/Documents/insurepro-automation/features/landing.feature):1:1
                	at Scenario(Verify the elements on the InsurePro landing page):3:3
                	at Step(insurepro landing page title should be "InsurePro"):6:5
                </stack-trace>
            </failure>
        </test-case>
        <test-case start='1655155363748' status='broken' stop='1655155363748'>
            <name>When insurepro landing page should contain "Continuar en español" link</name>
            <title>When insurepro landing page should contain "Continuar en español" link</title>
            <labels>
                <label name='language' value='javascript'/>
                <label name='framework' value='wdio'/>
                <label name='thread' value='0-0'/>
            </labels>
            <parameters>
                <parameter kind='argument' name='browser' value='chrome-102.0.5005.61'/>
            </parameters>
            <steps/>
            <attachments/>
            <failure>
                <message>Step "insurepro landing page should contain "Continuar en español" link" is not defined. You can ignore this error by setting cucumberOpts.ignoreUndefinedDefinitions as true.</message>
                <stack-trace>Step "insurepro landing page should contain "Continuar en español" link" is not defined. You can ignore this error by setting cucumberOpts.ignoreUndefinedDefinitions as true.
                	at Feature(/Users/chinthaka/Documents/insurepro-automation/features/landing.feature):1:1
                	at Scenario(Verify the elements on the InsurePro landing page):3:3
                	at Step(insurepro landing page should contain "Continuar en español" link):7:5
                </stack-trace>
            </failure>
        </test-case>
        <test-case start='1655155363748' status='broken' stop='1655155363748'>
            <name>Then Start to type your Then step here insurepro landing page should contain "Get a Quote" button</name>
            <title>Then Start to type your Then step here insurepro landing page should contain "Get a Quote" button</title>
            <labels>
                <label name='language' value='javascript'/>
                <label name='framework' value='wdio'/>
                <label name='thread' value='0-0'/>
            </labels>
            <parameters>
                <parameter kind='argument' name='browser' value='chrome-102.0.5005.61'/>
            </parameters>
            <steps/>
            <attachments/>
            <failure>
                <message>Step "Start to type your Then step here insurepro landing page should contain "Get a Quote" button" is not defined. You can ignore this error by setting cucumberOpts.ignoreUndefinedDefinitions as true.</message>
                <stack-trace>Step "Start to type your Then step here insurepro landing page should contain "Get a Quote" button" is not defined. You can ignore this error by setting cucumberOpts.ignoreUndefinedDefinitions as true.
                	at Feature(/Users/chinthaka/Documents/insurepro-automation/features/landing.feature):1:1
                	at Scenario(Verify the elements on the InsurePro landing page):3:3
                	at Step(Start to type your Then step here insurepro landing page should contain "Get a Quote" button):8:5
                </stack-trace>
            </failure>
        </test-case>
        <test-case start='1655155363748' status='passed' stop='1655155363749'>
            <name></name>
            <title></title>
            <labels>
                <label name='language' value='javascript'/>
                <label name='framework' value='wdio'/>
                <label name='thread' value='0-0'/>
            </labels>
            <parameters>
                <parameter kind='argument' name='browser' value='chrome-102.0.5005.61'/>
            </parameters>
            <steps/>
            <attachments/>
        </test-case>
    </test-cases>
</ns2:test-suite>